2018-11-13T08:03:06.878987Z 0 [Warning] [MY-011070] [Server] 'Disabling symbolic links using --skip-symbolic-links (or equivalent) is the default. Consider not using this option as it' is deprecated and will be removed in a future release.
2018-11-13T08:03:06.879106Z 0 [Warning] [MY-010915] [Server] 'NO_ZERO_DATE', 'NO_ZERO_IN_DATE' and 'ERROR_FOR_DIVISION_BY_ZERO' sql modes should be used with strict mode. They will be merged with strict mode in a future release.
2018-11-13T08:03:06.879145Z 0 [System] [MY-013169] [Server] /usr/sbin/mysqld (mysqld 8.0.13) initializing of server in progress as process 28
2018-11-13T08:03:20.459977Z 5 [Warning] [MY-010453] [Server] root@localhost is created with an empty password ! Please consider switching off the --initialize-insecure option.
2018-11-13T08:03:24.455730Z 5 [Warning] [MY-010315] [Server] 'user' entry 'mysql.infoschema@localhost' ignored in --skip-name-resolve mode.
2018-11-13T08:03:24.455820Z 5 [Warning] [MY-010315] [Server] 'user' entry 'mysql.session@localhost' ignored in --skip-name-resolve mode.
2018-11-13T08:03:24.455835Z 5 [Warning] [MY-010315] [Server] 'user' entry 'mysql.sys@localhost' ignored in --skip-name-resolve mode.
2018-11-13T08:03:24.455845Z 5 [Warning] [MY-010315] [Server] 'user' entry 'root@localhost' ignored in --skip-name-resolve mode.
2018-11-13T08:03:24.455863Z 5 [Warning] [MY-010323] [Server] 'db' entry 'performance_schema mysql.session@localhost' ignored in --skip-name-resolve mode.
2018-11-13T08:03:24.455870Z 5 [Warning] [MY-010323] [Server] 'db' entry 'sys mysql.sys@localhost' ignored in --skip-name-resolve mode.
2018-11-13T08:03:24.455879Z 5 [Warning] [MY-010311] [Server] 'proxies_priv' entry '@ root@localhost' ignored in --skip-name-resolve mode.
2018-11-13T08:03:24.455999Z 5 [Warning] [MY-010330] [Server] 'tables_priv' entry 'user mysql.session@localhost' ignored in --skip-name-resolve mode.
2018-11-13T08:03:24.456010Z 5 [Warning] [MY-010330] [Server] 'tables_priv' entry 'sys_config mysql.sys@localhost' ignored in --skip-name-resolve mode.
2018-11-13T08:03:26.829058Z 0 [System] [MY-013170] [Server] /usr/sbin/mysqld (mysqld 8.0.13) initializing of server has completed
2018-11-13T08:03:29.523034Z 0 [Warning] [MY-011070] [Server] 'Disabling symbolic links using --skip-symbolic-links (or equivalent) is the default. Consider not using this option as it' is deprecated and will be removed in a future release.
2018-11-13T08:03:29.523106Z 0 [Warning] [MY-010915] [Server] 'NO_ZERO_DATE', 'NO_ZERO_IN_DATE' and 'ERROR_FOR_DIVISION_BY_ZERO' sql modes should be used with strict mode. They will be merged with strict mode in a future release.
2018-11-13T08:03:29.523145Z 0 [System] [MY-010116] [Server] /usr/sbin/mysqld (mysqld 8.0.13) starting as process 79
mbind: Operation not permitted
2018-11-13T08:03:30.421353Z 0 [Warning] [MY-010068] [Server] CA certificate ca.pem is self signed.
2018-11-13T08:03:30.436952Z 0 [Warning] [MY-011810] [Server] Insecure configuration for --pid-file: Location '/var/run/mysqld' in the path is accessible to all OS users. Consider choosing a different directory.
2018-11-13T08:03:30.460443Z 0 [Warning] [MY-010315] [Server] 'user' entry 'mysql.infoschema@localhost' ignored in --skip-name-resolve mode.
2018-11-13T08:03:30.461465Z 0 [Warning] [MY-010315] [Server] 'user' entry 'mysql.session@localhost' ignored in --skip-name-resolve mode.
2018-11-13T08:03:30.461795Z 0 [Warning] [MY-010315] [Server] 'user' entry 'mysql.sys@localhost' ignored in --skip-name-resolve mode.
2018-11-13T08:03:30.462638Z 0 [Warning] [MY-010315] [Server] 'user' entry 'root@localhost' ignored in --skip-name-resolve mode.
2018-11-13T08:03:30.463104Z 0 [Warning] [MY-010323] [Server] 'db' entry 'performance_schema mysql.session@localhost' ignored in --skip-name-resolve mode.
2018-11-13T08:03:30.463509Z 0 [Warning] [MY-010323] [Server] 'db' entry 'sys mysql.sys@localhost' ignored in --skip-name-resolve mode.
2018-11-13T08:03:30.463926Z 0 [Warning] [MY-010311] [Server] 'proxies_priv' entry '@ root@localhost' ignored in --skip-name-resolve mode.
2018-11-13T08:03:30.466978Z 0 [Warning] [MY-010330] [Server] 'tables_priv' entry 'user mysql.session@localhost' ignored in --skip-name-resolve mode.
2018-11-13T08:03:30.467516Z 0 [Warning] [MY-010330] [Server] 'tables_priv' entry 'sys_config mysql.sys@localhost' ignored in --skip-name-resolve mode.
2018-11-13T08:03:30.480121Z 0 [System] [MY-010931] [Server] /usr/sbin/mysqld: ready for connections. Version: '8.0.13'  socket: '/var/run/mysqld/mysqld.sock'  port: 0  MySQL Community Server - GPL.
2018-11-13T08:03:30.518965Z 0 [System] [MY-011323] [Server] X Plugin ready for connections. Socket: '/var/run/mysqld/mysqlx.sock'
2018-11-13T08:03:36.268121Z 10 [Warning] [MY-010315] [Server] 'user' entry 'mysql.infoschema@localhost' ignored in --skip-name-resolve mode.
2018-11-13T08:03:36.268149Z 10 [Warning] [MY-010315] [Server] 'user' entry 'mysql.session@localhost' ignored in --skip-name-resolve mode.
2018-11-13T08:03:36.268158Z 10 [Warning] [MY-010315] [Server] 'user' entry 'mysql.sys@localhost' ignored in --skip-name-resolve mode.
2018-11-13T08:03:36.268167Z 10 [Warning] [MY-010315] [Server] 'user' entry 'root@localhost' ignored in --skip-name-resolve mode.
2018-11-13T08:03:36.268187Z 10 [Warning] [MY-010323] [Server] 'db' entry 'performance_schema mysql.session@localhost' ignored in --skip-name-resolve mode.
2018-11-13T08:03:36.268193Z 10 [Warning] [MY-010323] [Server] 'db' entry 'sys mysql.sys@localhost' ignored in --skip-name-resolve mode.
2018-11-13T08:03:36.268203Z 10 [Warning] [MY-010311] [Server] 'proxies_priv' entry '@ root@localhost' ignored in --skip-name-resolve mode.
2018-11-13T08:03:36.268303Z 10 [Warning] [MY-010330] [Server] 'tables_priv' entry 'user mysql.session@localhost' ignored in --skip-name-resolve mode.
2018-11-13T08:03:36.268314Z 10 [Warning] [MY-010330] [Server] 'tables_priv' entry 'sys_config mysql.sys@localhost' ignored in --skip-name-resolve mode.
2018-11-13T08:03:38.205126Z 0 [System] [MY-010910] [Server] /usr/sbin/mysqld: Shutdown complete (mysqld 8.0.13)  MySQL Community Server - GPL.
2018-11-13T08:03:38.609002Z 0 [Warning] [MY-011070] [Server] 'Disabling symbolic links using --skip-symbolic-links (or equivalent) is the default. Consider not using this option as it' is deprecated and will be removed in a future release.
2018-11-13T08:03:38.609085Z 0 [Warning] [MY-010915] [Server] 'NO_ZERO_DATE', 'NO_ZERO_IN_DATE' and 'ERROR_FOR_DIVISION_BY_ZERO' sql modes should be used with strict mode. They will be merged with strict mode in a future release.
2018-11-13T08:03:38.609129Z 0 [System] [MY-010116] [Server] /usr/sbin/mysqld (mysqld 8.0.13) starting as process 1
2018-11-13T08:03:39.458664Z 0 [Warning] [MY-010068] [Server] CA certificate ca.pem is self signed.
2018-11-13T08:03:39.473401Z 0 [Warning] [MY-011810] [Server] Insecure configuration for --pid-file: Location '/var/run/mysqld' in the path is accessible to all OS users. Consider choosing a different directory.
2018-11-13T08:03:39.489716Z 0 [Warning] [MY-010315] [Server] 'user' entry 'mysql.infoschema@localhost' ignored in --skip-name-resolve mode.
2018-11-13T08:03:39.490674Z 0 [Warning] [MY-010315] [Server] 'user' entry 'mysql.session@localhost' ignored in --skip-name-resolve mode.
2018-11-13T08:03:39.491110Z 0 [Warning] [MY-010315] [Server] 'user' entry 'mysql.sys@localhost' ignored in --skip-name-resolve mode.
2018-11-13T08:03:39.491534Z 0 [Warning] [MY-010315] [Server] 'user' entry 'root@localhost' ignored in --skip-name-resolve mode.
2018-11-13T08:03:39.491991Z 0 [Warning] [MY-010323] [Server] 'db' entry 'performance_schema mysql.session@localhost' ignored in --skip-name-resolve mode.
2018-11-13T08:03:39.492328Z 0 [Warning] [MY-010323] [Server] 'db' entry 'sys mysql.sys@localhost' ignored in --skip-name-resolve mode.
2018-11-13T08:03:39.492834Z 0 [Warning] [MY-010311] [Server] 'proxies_priv' entry '@ root@localhost' ignored in --skip-name-resolve mode.
2018-11-13T08:03:39.501677Z 0 [Warning] [MY-010330] [Server] 'tables_priv' entry 'user mysql.session@localhost' ignored in --skip-name-resolve mode.
2018-11-13T08:03:39.502075Z 0 [Warning] [MY-010330] [Server] 'tables_priv' entry 'sys_config mysql.sys@localhost' ignored in --skip-name-resolve mode.
2018-11-13T08:03:39.515050Z 0 [System] [MY-010931] [Server] /usr/sbin/mysqld: ready for connections. Version: '8.0.13'  socket: '/var/run/mysqld/mysqld.sock'  port: 3306  MySQL Community Server - GPL.
2018-11-13T08:03:39.616587Z 0 [System] [MY-011323] [Server] X Plugin ready for connections. Socket: '/var/run/mysqld/mysqlx.sock' bind-address: '::' port: 33060
mbind: Operation not permitted
2018-11-13T08:25:46.689059Z 0 [System] [MY-010910] [Server] /usr/sbin/mysqld: Shutdown complete (mysqld 8.0.13)  MySQL Community Server - GPL.
2018-11-13T08:26:18.928334Z 0 [Warning] [MY-011070] [Server] 'Disabling symbolic links using --skip-symbolic-links (or equivalent) is the default. Consider not using this option as it' is deprecated and will be removed in a future release.
2018-11-13T08:26:18.928405Z 0 [Warning] [MY-010915] [Server] 'NO_ZERO_DATE', 'NO_ZERO_IN_DATE' and 'ERROR_FOR_DIVISION_BY_ZERO' sql modes should be used with strict mode. They will be merged with strict mode in a future release.
2018-11-13T08:26:18.928452Z 0 [System] [MY-010116] [Server] /usr/sbin/mysqld (mysqld 8.0.13) starting as process 1
2018-11-13T08:26:20.069614Z 0 [Warning] [MY-010068] [Server] CA certificate ca.pem is self signed.
2018-11-13T08:26:20.083105Z 0 [Warning] [MY-011810] [Server] Insecure configuration for --pid-file: Location '/var/run/mysqld' in the path is accessible to all OS users. Consider choosing a different directory.
2018-11-13T08:26:20.095851Z 0 [Warning] [MY-010315] [Server] 'user' entry 'mysql.infoschema@localhost' ignored in --skip-name-resolve mode.
2018-11-13T08:26:20.096600Z 0 [Warning] [MY-010315] [Server] 'user' entry 'mysql.session@localhost' ignored in --skip-name-resolve mode.
2018-11-13T08:26:20.096873Z 0 [Warning] [MY-010315] [Server] 'user' entry 'mysql.sys@localhost' ignored in --skip-name-resolve mode.
2018-11-13T08:26:20.097220Z 0 [Warning] [MY-010315] [Server] 'user' entry 'root@localhost' ignored in --skip-name-resolve mode.
2018-11-13T08:26:20.097552Z 0 [Warning] [MY-010323] [Server] 'db' entry 'performance_schema mysql.session@localhost' ignored in --skip-name-resolve mode.
2018-11-13T08:26:20.097847Z 0 [Warning] [MY-010323] [Server] 'db' entry 'sys mysql.sys@localhost' ignored in --skip-name-resolve mode.
2018-11-13T08:26:20.098146Z 0 [Warning] [MY-010311] [Server] 'proxies_priv' entry '@ root@localhost' ignored in --skip-name-resolve mode.
2018-11-13T08:26:20.109621Z 0 [Warning] [MY-010330] [Server] 'tables_priv' entry 'user mysql.session@localhost' ignored in --skip-name-resolve mode.
2018-11-13T08:26:20.109869Z 0 [Warning] [MY-010330] [Server] 'tables_priv' entry 'sys_config mysql.sys@localhost' ignored in --skip-name-resolve mode.
2018-11-13T08:26:20.118294Z 0 [System] [MY-010931] [Server] /usr/sbin/mysqld: ready for connections. Version: '8.0.13'  socket: '/var/run/mysqld/mysqld.sock'  port: 3306  MySQL Community Server - GPL.
2018-11-13T08:26:20.226209Z 0 [System] [MY-011323] [Server] X Plugin ready for connections. Socket: '/var/run/mysqld/mysqlx.sock' bind-address: '::' port: 33060
2018-11-20T02:07:13.066210Z 0 [Warning] [MY-011070] [Server] 'Disabling symbolic links using --skip-symbolic-links (or equivalent) is the default. Consider not using this option as it' is deprecated and will be removed in a future release.
2018-11-20T02:07:13.066291Z 0 [Warning] [MY-010915] [Server] 'NO_ZERO_DATE', 'NO_ZERO_IN_DATE' and 'ERROR_FOR_DIVISION_BY_ZERO' sql modes should be used with strict mode. They will be merged with strict mode in a future release.
2018-11-20T02:07:13.066338Z 0 [System] [MY-010116] [Server] /usr/sbin/mysqld (mysqld 8.0.13) starting as process 1
2018-11-20T02:07:14.259823Z 0 [Warning] [MY-010068] [Server] CA certificate ca.pem is self signed.
2018-11-20T02:07:14.274555Z 0 [Warning] [MY-011810] [Server] Insecure configuration for --pid-file: Location '/var/run/mysqld' in the path is accessible to all OS users. Consider choosing a different directory.
2018-11-20T02:07:14.297738Z 0 [Warning] [MY-010315] [Server] 'user' entry 'mysql.infoschema@localhost' ignored in --skip-name-resolve mode.
2018-11-20T02:07:14.299768Z 0 [Warning] [MY-010315] [Server] 'user' entry 'mysql.session@localhost' ignored in --skip-name-resolve mode.
2018-11-20T02:07:14.299790Z 0 [Warning] [MY-010315] [Server] 'user' entry 'mysql.sys@localhost' ignored in --skip-name-resolve mode.
2018-11-20T02:07:14.299802Z 0 [Warning] [MY-010315] [Server] 'user' entry 'root@localhost' ignored in --skip-name-resolve mode.
2018-11-20T02:07:14.299851Z 0 [Warning] [MY-010323] [Server] 'db' entry 'performance_schema mysql.session@localhost' ignored in --skip-name-resolve mode.
2018-11-20T02:07:14.299862Z 0 [Warning] [MY-010323] [Server] 'db' entry 'sys mysql.sys@localhost' ignored in --skip-name-resolve mode.
2018-11-20T02:07:14.299875Z 0 [Warning] [MY-010311] [Server] 'proxies_priv' entry '@ root@localhost' ignored in --skip-name-resolve mode.
2018-11-20T02:07:14.343256Z 0 [Warning] [MY-010330] [Server] 'tables_priv' entry 'user mysql.session@localhost' ignored in --skip-name-resolve mode.
2018-11-20T02:07:14.343281Z 0 [Warning] [MY-010330] [Server] 'tables_priv' entry 'sys_config mysql.sys@localhost' ignored in --skip-name-resolve mode.
2018-11-20T02:07:14.359354Z 0 [System] [MY-010931] [Server] /usr/sbin/mysqld: ready for connections. Version: '8.0.13'  socket: '/var/run/mysqld/mysqld.sock'  port: 3306  MySQL Community Server - GPL.
2018-11-20T02:07:14.425783Z 0 [System] [MY-011323] [Server] X Plugin ready for connections. Socket: '/var/run/mysqld/mysqlx.sock' bind-address: '::' port: 33060
2018-11-20T08:21:13.595707Z 0 [System] [MY-010910] [Server] /usr/sbin/mysqld: Shutdown complete (mysqld 8.0.13)  MySQL Community Server - GPL.
2018-11-20T08:23:14.648040Z 0 [Warning] [MY-011070] [Server] 'Disabling symbolic links using --skip-symbolic-links (or equivalent) is the default. Consider not using this option as it' is deprecated and will be removed in a future release.
2018-11-20T08:23:14.648107Z 0 [Warning] [MY-010915] [Server] 'NO_ZERO_DATE', 'NO_ZERO_IN_DATE' and 'ERROR_FOR_DIVISION_BY_ZERO' sql modes should be used with strict mode. They will be merged with strict mode in a future release.
2018-11-20T08:23:14.648150Z 0 [System] [MY-010116] [Server] /usr/sbin/mysqld (mysqld 8.0.13) starting as process 1
2018-11-20T08:23:15.712323Z 0 [Warning] [MY-010068] [Server] CA certificate ca.pem is self signed.
2018-11-20T08:23:15.727121Z 0 [Warning] [MY-011810] [Server] Insecure configuration for --pid-file: Location '/var/run/mysqld' in the path is accessible to all OS users. Consider choosing a different directory.
2018-11-20T08:23:15.741279Z 0 [Warning] [MY-010315] [Server] 'user' entry 'mysql.infoschema@localhost' ignored in --skip-name-resolve mode.
2018-11-20T08:23:15.743094Z 0 [Warning] [MY-010315] [Server] 'user' entry 'mysql.session@localhost' ignored in --skip-name-resolve mode.
2018-11-20T08:23:15.743505Z 0 [Warning] [MY-010315] [Server] 'user' entry 'mysql.sys@localhost' ignored in --skip-name-resolve mode.
2018-11-20T08:23:15.743877Z 0 [Warning] [MY-010315] [Server] 'user' entry 'root@localhost' ignored in --skip-name-resolve mode.
2018-11-20T08:23:15.744303Z 0 [Warning] [MY-010323] [Server] 'db' entry 'performance_schema mysql.session@localhost' ignored in --skip-name-resolve mode.
2018-11-20T08:23:15.744657Z 0 [Warning] [MY-010323] [Server] 'db' entry 'sys mysql.sys@localhost' ignored in --skip-name-resolve mode.
2018-11-20T08:23:15.745005Z 0 [Warning] [MY-010311] [Server] 'proxies_priv' entry '@ root@localhost' ignored in --skip-name-resolve mode.
2018-11-20T08:23:15.780343Z 0 [Warning] [MY-010330] [Server] 'tables_priv' entry 'user mysql.session@localhost' ignored in --skip-name-resolve mode.
2018-11-20T08:23:15.780802Z 0 [Warning] [MY-010330] [Server] 'tables_priv' entry 'sys_config mysql.sys@localhost' ignored in --skip-name-resolve mode.
2018-11-20T08:23:15.799964Z 0 [System] [MY-010931] [Server] /usr/sbin/mysqld: ready for connections. Version: '8.0.13'  socket: '/var/run/mysqld/mysqld.sock'  port: 3306  MySQL Community Server - GPL.
2018-11-20T08:23:15.869680Z 0 [System] [MY-011323] [Server] X Plugin ready for connections. Socket: '/var/run/mysqld/mysqlx.sock' bind-address: '::' port: 33060
2018-11-23T08:30:51.235294Z 0 [ERROR] [MY-013129] [Server] A message intended for a client cannot be sent there as no client-session is attached. Therefore, we're sending the information to the error-log instead: MY-000027 - Can't sync file '/var/lib/mysql/mysql.slow.log' to disk (OS errno 9 - Bad file descriptor)
2018-11-23T08:30:51.235322Z 0 [ERROR] [MY-010907] [Server] Error writing file '/var/lib/mysql/mysql.slow.log' (errno: 9 - Bad file descriptor)
2018-11-23T08:30:51.237771Z 0 [System] [MY-010910] [Server] /usr/sbin/mysqld: Shutdown complete (mysqld 8.0.13)  MySQL Community Server - GPL.
